<?xml version="1.0" encoding="UTF-8"?>
<!-- Generated by org.testng.reporters.JUnitXMLReporter -->
<testsuite ignored="6" hostname="Litesh" failures="3" tests="17" name="Test" time="30.814" errors="0" timestamp="2024-12-24T11:28:13 IST">
  <testcase classname="com.tka.testCases.LoginTestCases" name="checkinvalidCredentialMessage" time="2.383">
    <failure type="org.testng.internal.reflect.MethodMatcherException" message="
[public void com.tka.testCases.LoginTestCases.checkinvalidCredentialMessage(java.lang.String,java.lang.String)] has no parameters defined but was found to be using a data provider (either explicitly specified or inherited from class level annotation).
Data provider mismatch
Method: checkinvalidCredentialMessage([Parameter{index=0, type=java.lang.String, declaredAnnotations=[]}, Parameter{index=1, type=java.lang.String, declaredAnnotations=[]}])
Arguments: [(java.lang.String)  ,(java.lang.String) 123456,(java.lang.String) false]">
      <![CDATA[org.testng.internal.reflect.MethodMatcherException: 
[public void com.tka.testCases.LoginTestCases.checkinvalidCredentialMessage(java.lang.String,java.lang.String)] has no parameters defined but was found to be using a data provider (either explicitly specified or inherited from class level annotation).
Data provider mismatch
Method: checkinvalidCredentialMessage([Parameter{index=0, type=java.lang.String, declaredAnnotations=[]}, Parameter{index=1, type=java.lang.String, declaredAnnotations=[]}])
Arguments: [(java.lang.String)  ,(java.lang.String) 123456,(java.lang.String) false]
at java.base/java.util.ArrayList.forEach(ArrayList.java:1511)
... Removed 22 stack frames]]>
    </failure>
  </testcase> <!-- checkinvalidCredentialMessage -->
  <testcase classname="com.tka.testCases.DashboardTestCases" name="CheckCourseName" time="0.29"/>
  <testcase classname="com.tka.testCases.DashboardTestCases" name="checkCourseTechnology" time="0.422"/>
  <testcase classname="com.tka.testCases.DashboardTestCases" name="checkDownloadPageTab" time="1.339"/>
  <testcase classname="com.tka.testCases.DashboardTestCases" name="checkHeading" time="0.109">
    <failure type="java.lang.AssertionError" message="expected [Dashboard] but found [Dashboard Courses Offered]">
      <![CDATA[java.lang.AssertionError: expected [Dashboard] but found [Dashboard Courses Offered]
at com.tka.testCases.DashboardTestCases.checkHeading(DashboardTestCases.java:32)
at java.base/java.util.ArrayList.forEach(ArrayList.java:1511)
... Removed 33 stack frames]]>
    </failure>
  </testcase> <!-- checkHeading -->
  <testcase classname="com.tka.testCases.DashboardTestCases" name="checkOperatorsPageTab" time="0.711"/>
  <testcase classname="com.tka.testCases.DashboardTestCases" name="checkSideMenuName" time="0.396"/>
  <testcase classname="com.tka.testCases.DashboardTestCases" name="checkSyllabusJava" time="0.386"/>
  <testcase classname="com.tka.testCases.DashboardTestCases" name="checkSyllabusPhp" time="1.16"/>
  <testcase classname="com.tka.testCases.DashboardTestCases" name="checkSyllabusPython" time="0.385"/>
  <testcase classname="com.tka.testCases.DashboardTestCases" name="checkSyllabusSelenium" time="0.989"/>
  <testcase classname="com.tka.testCases.DashboardTestCases" name="checkUserPageTab" time="0.825"/>
  <testcase classname="com.tka.testCases.DashboardTestCases" name="CheckLogoutButton" time="0.56"/>
  <testcase classname="com.tka.testCases.UserTabTestCases" name="Checkheading" time="0.058"/>
  <testcase classname="com.tka.testCases.UserTabTestCases" name="checkAddNewUser" time="3.684">
    <failure type="java.lang.AssertionError" message="expected [User Added Successfully] but found [User Added Successfully. You can not see added user.]">
      <![CDATA[java.lang.AssertionError: expected [User Added Successfully] but found [User Added Successfully. You can not see added user.]
at com.tka.testCases.UserTabTestCases.checkAddNewUser(UserTabTestCases.java:85)
at java.base/java.util.ArrayList.forEach(ArrayList.java:1511)
... Removed 33 stack frames]]>
    </failure>
  </testcase> <!-- checkAddNewUser -->
  <testcase classname="com.tka.testCases.UserTabTestCases" name="checkDeleteDefaultUser" time="0.198"/>
  <testcase classname="com.tka.testCases.UserTabTestCases" name="checkUserTableHeading" time="0.708"/>
  <testcase classname="com.tka.testCases.LoginTestCases" name="checkloginPageTitle" time="0.0">
    <ignored/>
  </testcase> <!-- checkloginPageTitle -->
  <testcase classname="com.tka.testCases.LoginTestCases" name="verfiyloginCredential" time="0.0">
    <ignored/>
  </testcase> <!-- verfiyloginCredential -->
  <testcase classname="com.tka.testCases.LoginTestCases" name="testHeadingText" time="0.0">
    <ignored/>
  </testcase> <!-- testHeadingText -->
  <testcase classname="com.tka.testCases.LoginTestCases" name="checkRegisterNewMember" time="0.0">
    <ignored/>
  </testcase> <!-- checkRegisterNewMember -->
  <testcase classname="com.tka.testCases.LoginTestCases" name="checkSubheadingText" time="0.0">
    <ignored/>
  </testcase> <!-- checkSubheadingText -->
  <testcase classname="com.tka.testCases.LoginTestCases" name="verfiylogout" time="0.0">
    <ignored/>
  </testcase> <!-- verfiylogout -->
</testsuite> <!-- Test -->
