<?xml version="1.0" encoding="UTF-8"?>
<!-- Generated by org.testng.reporters.JUnitReportReporter -->
<testsuite hostname="Litesh" failures="1" tests="12" name="com.tka.testCases.DashboardTestCases" time="7.572" errors="0" timestamp="2024-12-24T11:28:14 IST" skipped="0">
  <testcase classname="com.tka.testCases.DashboardTestCases" name="CheckCourseName" time="0.290"/>
  <system-out/>
  <testcase classname="com.tka.testCases.DashboardTestCases" name="checkSyllabusSelenium" time="0.989"/>
  <system-out/>
  <testcase classname="com.tka.testCases.DashboardTestCases" name="checkUserPageTab" time="0.825"/>
  <system-out/>
  <testcase classname="com.tka.testCases.DashboardTestCases" name="checkSideMenuName" time="0.396"/>
  <system-out/>
  <testcase classname="com.tka.testCases.DashboardTestCases" name="checkSyllabusJava" time="0.386"/>
  <system-out/>
  <testcase classname="com.tka.testCases.DashboardTestCases" name="checkSyllabusPhp" time="1.160"/>
  <system-out/>
  <testcase classname="com.tka.testCases.DashboardTestCases" name="checkCourseTechnology" time="0.422"/>
  <system-out/>
  <testcase classname="com.tka.testCases.DashboardTestCases" name="checkOperatorsPageTab" time="0.711"/>
  <system-out/>
  <testcase classname="com.tka.testCases.DashboardTestCases" name="checkHeading" time="0.109">
    <failure message="expected [Dashboard] but found [Dashboard Courses Offered]" type="java.lang.AssertionError">
      <![CDATA[java.lang.AssertionError: expected [Dashboard] but found [Dashboard Courses Offered]
at org.testng.Assert.fail(Assert.java:99)
at org.testng.Assert.failNotEquals(Assert.java:1037)
at org.testng.Assert.assertEqualsImpl(Assert.java:140)
at org.testng.Assert.assertEquals(Assert.java:122)
at org.testng.Assert.assertEquals(Assert.java:629)
at org.testng.Assert.assertEquals(Assert.java:639)
at com.tka.testCases.DashboardTestCases.checkHeading(DashboardTestCases.java:32)
at java.base/jdk.internal.reflect.NativeMethodAccessorImpl.invoke0(Native Method)
at java.base/jdk.internal.reflect.NativeMethodAccessorImpl.invoke(NativeMethodAccessorImpl.java:77)
at java.base/jdk.internal.reflect.DelegatingMethodAccessorImpl.invoke(DelegatingMethodAccessorImpl.java:43)
at java.base/java.lang.reflect.Method.invoke(Method.java:568)
at org.testng.internal.MethodInvocationHelper.invokeMethod(MethodInvocationHelper.java:133)
at org.testng.internal.TestInvoker.invokeMethod(TestInvoker.java:598)
at org.testng.internal.TestInvoker.invokeTestMethod(TestInvoker.java:173)
at org.testng.internal.MethodRunner.runInSequence(MethodRunner.java:46)
at org.testng.internal.TestInvoker$MethodInvocationAgent.invoke(TestInvoker.java:824)
at org.testng.internal.TestInvoker.invokeTestMethods(TestInvoker.java:146)
at org.testng.internal.TestMethodWorker.invokeTestMethods(TestMethodWorker.java:146)
at org.testng.internal.TestMethodWorker.run(TestMethodWorker.java:128)
at java.base/java.util.ArrayList.forEach(ArrayList.java:1511)
at org.testng.TestRunner.privateRun(TestRunner.java:794)
at org.testng.TestRunner.run(TestRunner.java:596)
at org.testng.SuiteRunner.runTest(SuiteRunner.java:377)
at org.testng.SuiteRunner.runSequentially(SuiteRunner.java:371)
at org.testng.SuiteRunner.privateRun(SuiteRunner.java:332)
at org.testng.SuiteRunner.run(SuiteRunner.java:276)
at org.testng.SuiteRunnerWorker.runSuite(SuiteRunnerWorker.java:53)
at org.testng.SuiteRunnerWorker.run(SuiteRunnerWorker.java:96)
at org.testng.TestNG.runSuitesSequentially(TestNG.java:1212)
at org.testng.TestNG.runSuitesLocally(TestNG.java:1134)
at org.testng.TestNG.runSuites(TestNG.java:1063)
at org.testng.TestNG.run(TestNG.java:1031)
at org.testng.remote.AbstractRemoteTestNG.run(AbstractRemoteTestNG.java:115)
at org.testng.remote.RemoteTestNG.initAndRun(RemoteTestNG.java:293)
at org.testng.remote.RemoteTestNG.main(RemoteTestNG.java:91)
]]>
    </failure>
  </testcase> <!-- checkHeading -->
  <system-out/>
  <testcase classname="com.tka.testCases.DashboardTestCases" name="checkDownloadPageTab" time="1.339"/>
  <system-out/>
  <testcase classname="com.tka.testCases.DashboardTestCases" name="checkSyllabusPython" time="0.385"/>
  <system-out/>
  <testcase classname="com.tka.testCases.DashboardTestCases" name="CheckLogoutButton" time="0.560"/>
  <system-out/>
</testsuite> <!-- com.tka.testCases.DashboardTestCases -->
