<?xml version="1.0" encoding="UTF-8"?>
<!-- Generated by org.testng.reporters.JUnitReportReporter -->
<testsuite hostname="Litesh" failures="0" tests="7" name="com.tka.testCases.LoginTestCases" time="2.383" errors="1" timestamp="2024-12-24T11:28:14 IST" skipped="6">
  <testcase classname="com.tka.testCases.LoginTestCases" name="checkinvalidCredentialMessage" time="2.383">
    <error message="
[public void com.tka.testCases.LoginTestCases.checkinvalidCredentialMessage(java.lang.String,java.lang.String)] has no parameters defined but was found to be using a data provider (either explicitly specified or inherited from class level annotation).
Data provider mismatch
Method: checkinvalidCredentialMessage([Parameter{index=0, type=java.lang.String, declaredAnnotations=[]}, Parameter{index=1, type=java.lang.String, declaredAnnotations=[]}])
Arguments: [(java.lang.String)  ,(java.lang.String) 123456,(java.lang.String) false]" type="org.testng.internal.reflect.MethodMatcherException">
      <![CDATA[org.testng.internal.reflect.MethodMatcherException: 
[public void com.tka.testCases.LoginTestCases.checkinvalidCredentialMessage(java.lang.String,java.lang.String)] has no parameters defined but was found to be using a data provider (either explicitly specified or inherited from class level annotation).
Data provider mismatch
Method: checkinvalidCredentialMessage([Parameter{index=0, type=java.lang.String, declaredAnnotations=[]}, Parameter{index=1, type=java.lang.String, declaredAnnotations=[]}])
Arguments: [(java.lang.String)  ,(java.lang.String) 123456,(java.lang.String) false]
at org.testng.internal.reflect.DataProviderMethodMatcher.getConformingArguments(DataProviderMethodMatcher.java:43)
at org.testng.internal.Parameters.injectParameters(Parameters.java:914)
at org.testng.internal.MethodRunner.runInSequence(MethodRunner.java:34)
at org.testng.internal.TestInvoker$MethodInvocationAgent.invoke(TestInvoker.java:824)
at org.testng.internal.TestInvoker.invokeTestMethods(TestInvoker.java:146)
at org.testng.internal.TestMethodWorker.invokeTestMethods(TestMethodWorker.java:146)
at org.testng.internal.TestMethodWorker.run(TestMethodWorker.java:128)
at java.base/java.util.ArrayList.forEach(ArrayList.java:1511)
at org.testng.TestRunner.privateRun(TestRunner.java:794)
at org.testng.TestRunner.run(TestRunner.java:596)
at org.testng.SuiteRunner.runTest(SuiteRunner.java:377)
at org.testng.SuiteRunner.runSequentially(SuiteRunner.java:371)
at org.testng.SuiteRunner.privateRun(SuiteRunner.java:332)
at org.testng.SuiteRunner.run(SuiteRunner.java:276)
at org.testng.SuiteRunnerWorker.runSuite(SuiteRunnerWorker.java:53)
at org.testng.SuiteRunnerWorker.run(SuiteRunnerWorker.java:96)
at org.testng.TestNG.runSuitesSequentially(TestNG.java:1212)
at org.testng.TestNG.runSuitesLocally(TestNG.java:1134)
at org.testng.TestNG.runSuites(TestNG.java:1063)
at org.testng.TestNG.run(TestNG.java:1031)
at org.testng.remote.AbstractRemoteTestNG.run(AbstractRemoteTestNG.java:115)
at org.testng.remote.RemoteTestNG.initAndRun(RemoteTestNG.java:293)
at org.testng.remote.RemoteTestNG.main(RemoteTestNG.java:91)
]]>
    </error>
  </testcase> <!-- checkinvalidCredentialMessage -->
  <system-out/>
  <testcase classname="com.tka.testCases.LoginTestCases" name="checkloginPageTitle">
    <skipped/>
  </testcase> <!-- checkloginPageTitle -->
  <system-out/>
  <testcase classname="com.tka.testCases.LoginTestCases" name="verfiyloginCredential">
    <skipped/>
  </testcase> <!-- verfiyloginCredential -->
  <system-out/>
  <testcase classname="com.tka.testCases.LoginTestCases" name="testHeadingText">
    <skipped/>
  </testcase> <!-- testHeadingText -->
  <system-out/>
  <testcase classname="com.tka.testCases.LoginTestCases" name="checkRegisterNewMember">
    <skipped/>
  </testcase> <!-- checkRegisterNewMember -->
  <system-out/>
  <testcase classname="com.tka.testCases.LoginTestCases" name="checkSubheadingText">
    <skipped/>
  </testcase> <!-- checkSubheadingText -->
  <system-out/>
  <testcase classname="com.tka.testCases.LoginTestCases" name="verfiylogout">
    <skipped/>
  </testcase> <!-- verfiylogout -->
  <system-out/>
</testsuite> <!-- com.tka.testCases.LoginTestCases -->
